<?xml version="1.0" encoding="UTF-8"?>
<!-- Generated by org.testng.reporters.JUnitXMLReporter -->
<testsuite ignored="0" hostname="DESKTOP-L7E7ROD" failures="0" tests="4" name="Test" time="0.087" errors="0" timestamp="2023-03-31T16:52:30 IST">
  <testcase classname="practise.Example2Test" name="data1" time="0.011"/>
  <testcase classname="practise.Example2Test" name="data2" time="0.004"/>
  <testcase classname="practise.ExampleTest" name="data1" time="0.003"/>
  <testcase classname="practise.ExampleTest" name="data2" time="0.004"/>
</testsuite> <!-- Test -->
