<?xml version="1.0" encoding="UTF-8"?>
<testng-results ignored="0" total="1" passed="1" failed="0" skipped="0">
  <reporter-output>
  </reporter-output>
  <suite started-at="2023-04-03T10:19:11 IST" name="Default suite" finished-at="2023-04-03T10:19:11 IST" duration-ms="64">
    <groups>
    </groups>
    <test started-at="2023-04-03T10:19:11 IST" name="Default test" finished-at="2023-04-03T10:19:11 IST" duration-ms="64">
      <class name="practise.Example3Test">
        <test-method signature="data()[pri:0, instance:practise.Example3Test@3c419631]" started-at="2023-04-03T10:19:11 IST" name="data" finished-at="2023-04-03T10:19:11 IST" duration-ms="10" status="PASS">
          <reporter-output>
          </reporter-output>
        </test-method> <!-- data -->
      </class> <!-- practise.Example3Test -->
    </test> <!-- Default test -->
  </suite> <!-- Default suite -->
</testng-results>
